<?xml version="1.0" encoding="UTF-8"?>
<testsuite xmlns:xsi="http://www.w3.org/2001/XMLSchema-instance" xsi:noNamespaceSchemaLocation="https://maven.apache.org/surefire/maven-surefire-plugin/xsd/surefire-test-report.xsd" version="3.0.2" name="com.student.StudentApplicationTests" time="10.226" tests="1" errors="0" skipped="0" failures="0">
  <properties>
[...]
</properties>
  <testcase name="contextLoads" classname="com.student.StudentApplicationTests" time="0.683">
    <system-out><![CDATA[21:31:13.194 [main] INFO org.springframework.test.context.support.AnnotationConfigContextLoaderUtils -- Could not detect default configuration classes for test class [com.student.StudentApplicationTests]: StudentApplicationTests does not declare any static, non-private, non-final, nested classes annotated with @Configuration.
21:31:13.341 [main] INFO org.springframework.boot.test.context.SpringBootTestContextBootstrapper -- Found @SpringBootConfiguration com.student.StudentApplication for test class com.student.StudentApplicationTests
21:31:13.624 [main] INFO org.springframework.boot.devtools.restart.RestartApplicationListener -- Restart disabled due to context in which it is running

  .   ____          _            __ _ _
 /\\ / ___'_ __ _ _(_)_ __  __ _ \ \ \ \
( ( )\___ | '_ | '_| | '_ \/ _` | \ \ \ \
 \\/  ___)| |_)| | | | | || (_| |  ) ) ) )
  '  |____| .__|_| |_|_| |_\__, | / / / /
 =========|_|==============|___/=/_/_/_/

 :: Spring Boot ::                (v3.5.5)

2025-09-10T21:31:14.317+05:30  INFO 18040 --- [Student] [           main] com.student.StudentApplicationTests      : Starting StudentApplicationTests using Java 17.0.7 with PID 18040 (started by venu3 in C:\Users\venu3\Downloads\Student\Student)
2025-09-10T21:31:14.318+05:30  INFO 18040 --- [Student] [           main] com.student.StudentApplicationTests      : No active profile set, falling back to 1 default profile: "default"
2025-09-10T21:31:15.961+05:30  INFO 18040 --- [Student] [           main] .s.d.r.c.RepositoryConfigurationDelegate : Bootstrapping Spring Data JPA repositories in DEFAULT mode.
2025-09-10T21:31:16.045+05:30  INFO 18040 --- [Student] [           main] .s.d.r.c.RepositoryConfigurationDelegate : Finished Spring Data repository scanning in 69 ms. Found 1 JPA repository interface.
2025-09-10T21:31:16.911+05:30  INFO 18040 --- [Student] [           main] o.hibernate.jpa.internal.util.LogHelper  : HHH000204: Processing PersistenceUnitInfo [name: default]
2025-09-10T21:31:17.051+05:30  INFO 18040 --- [Student] [           main] org.hibernate.Version                    : HHH000412: Hibernate ORM core version 6.6.26.Final
2025-09-10T21:31:17.118+05:30  INFO 18040 --- [Student] [           main] o.h.c.internal.RegionFactoryInitiator    : HHH000026: Second-level cache disabled
2025-09-10T21:31:17.834+05:30  INFO 18040 --- [Student] [           main] o.s.o.j.p.SpringPersistenceUnitInfo      : No LoadTimeWeaver setup: ignoring JPA class transformer
2025-09-10T21:31:17.892+05:30  INFO 18040 --- [Student] [           main] com.zaxxer.hikari.HikariDataSource       : HikariPool-1 - Starting...
2025-09-10T21:31:18.440+05:30  INFO 18040 --- [Student] [           main] com.zaxxer.hikari.pool.HikariPool        : HikariPool-1 - Added connection com.mysql.cj.jdbc.ConnectionImpl@409395b9
2025-09-10T21:31:18.444+05:30  INFO 18040 --- [Student] [           main] com.zaxxer.hikari.HikariDataSource       : HikariPool-1 - Start completed.
2025-09-10T21:31:18.521+05:30  WARN 18040 --- [Student] [           main] org.hibernate.orm.deprecation            : HHH90000025: MySQLDialect does not need to be specified explicitly using 'hibernate.dialect' (remove the property setting and it will be selected by default)
2025-09-10T21:31:18.550+05:30  INFO 18040 --- [Student] [           main] org.hibernate.orm.connections.pooling    : HHH10001005: Database info:
	Database JDBC URL [Connecting through datasource 'HikariDataSource (HikariPool-1)']
	Database driver: undefined/unknown
	Database version: 8.0.42
	Autocommit mode: undefined/unknown
	Isolation level: undefined/unknown
	Minimum pool size: undefined/unknown
	Maximum pool size: undefined/unknown
2025-09-10T21:31:19.932+05:30  INFO 18040 --- [Student] [           main] o.h.e.t.j.p.i.JtaPlatformInitiator       : HHH000489: No JTA platform available (set 'hibernate.transaction.jta.platform' to enable JTA platform integration)
Hibernate: create table student (id bigint not null auto_increment, course varchar(255), date_of_joining date, email varchar(255), name varchar(255), primary key (id)) engine=InnoDB
Hibernate: alter table student drop index UKfe0i52si7ybu0wjedj6motiim
Hibernate: alter table student add constraint UKfe0i52si7ybu0wjedj6motiim unique (email)
2025-09-10T21:31:20.129+05:30  INFO 18040 --- [Student] [           main] j.LocalContainerEntityManagerFactoryBean : Initialized JPA EntityManagerFactory for persistence unit 'default'
2025-09-10T21:31:20.922+05:30  WARN 18040 --- [Student] [           main] JpaBaseConfiguration$JpaWebConfiguration : spring.jpa.open-in-view is enabled by default. Therefore, database queries may be performed during view rendering. Explicitly configure spring.jpa.open-in-view to disable this warning
2025-09-10T21:31:21.004+05:30  INFO 18040 --- [Student] [           main] r$InitializeUserDetailsManagerConfigurer : Global AuthenticationManager configured with UserDetailsService bean with name userDetailsService
2025-09-10T21:31:22.019+05:30  INFO 18040 --- [Student] [           main] o.s.v.b.OptionalValidatorFactoryBean     : Failed to set up a Bean Validation provider: jakarta.validation.NoProviderFoundException: Unable to create a Configuration, because no Jakarta Bean Validation provider could be found. Add a provider like Hibernate Validator (RI) to your classpath.
2025-09-10T21:31:22.454+05:30  INFO 18040 --- [Student] [           main] com.student.StudentApplicationTests      : Started StudentApplicationTests in 8.848 seconds (process running for 10.402)
]]></system-out>
  </testcase>
</testsuite>